 Server                         AverageCPU Day         Hour  AverageSessions 
 ------------------------------ ---------- ----------- ----- --------------- 
 w151dbp01                            10.5          16 22:00               0 
 w151dbp01                            10.5          18 22:00               0 
 w151dbp02                            11.4          16 21:00               0 
 w151dbp03                             6.5          17 21:00               0 
 w151dbp03                             6.5          18 21:00               0 
 w151dbr01                             8.6          16 22:00               0 
 w151dbr02                             8.1          17 20:00               0 
 w151dbr03                             8.1          17 22:00               0 
 w151dbr04                             8.8          18 21:00               0 
 w151dbr05                             8.6          16 21:00               0 
 webdb21p                             23.3          17 21:00               0 
 webdb22p                             35.4          22 22:00               0 
 webdb23p                             27.9          17 21:00               0 
 webdb24p                             13.1          17 22:00               0 
 webdb25p                              5.8          17 22:00               0 
 webdb27p                             15.9          18 21:00               0 
 webdb28p                             11.8          17 21:00               0 
 webdb29p                             53.0          22 21:00               0 
 webdb30p                             63.3          16 21:00               0 
 webdb31p                             23.1          16 22:00               0 
(return status = 0)
 Server                         MAXEngine       TimeString                 
 ------------------------------ --------------- -------------------------- 
 w151dbp01                                15.50        Oct 16 2006  7:50PM 
 w151dbp02                                17.20        Oct 19 2006 10:20PM 
 w151dbp03                                 9.60        Oct 16 2006 10:15AM 
 w151dbp03                                 9.60        Oct 18 2006  9:05PM 
 w151dbp03                                 9.60        Oct 22 2006 10:15AM 
 w151dbr01                                15.40        Oct 16 2006 10:05PM 
 w151dbr02                                14.70        Oct 16 2006  7:40PM 
 w151dbr02                                14.70        Oct 18 2006 11:40AM 
 w151dbr02                                14.70        Oct 18 2006 12:30PM 
 w151dbr03                                16.10        Oct 17 2006 10:25PM 
 w151dbr04                                16.30        Oct 21 2006  7:35AM 
 w151dbr04                                16.30        Oct 22 2006  9:55PM 
 w151dbr05                                16.20        Oct 16 2006 10:05PM 
 webdb20p                                 36.60        Oct 16 2006 10:20PM 
 webdb21p                                 28.60        Oct 17 2006  9:40PM 
 webdb22p                                 41.20        Oct 21 2006 10:25AM 
 webdb22p                                 41.20        Oct 22 2006 10:40AM 
 webdb22p                                 41.20        Oct 22 2006 10:45PM 
 webdb23p                                 46.40        Oct 17 2006  9:55PM 
 webdb24p                                 15.90        Oct 17 2006  8:35PM 
 webdb25p                                  9.20        Oct 17 2006  8:05PM 
 webdb27p                                 19.30        Oct 17 2006  7:50PM 
 webdb28p                                 22.00        Oct 16 2006 10:20AM 
 webdb28p                                 22.00        Oct 22 2006  9:25PM 
 webdb29p                                 66.80        Oct 17 2006  9:35PM 
 webdb30p                                 73.50        Oct 22 2006  9:50PM 
 webdb31p                                 28.20        Oct 22 2006 10:25PM 
(return status = 0)
