Backup Server session id is:  95.  Use this value when executing the
'sp_volchanged' system stored procedure after fulfilling any volume change
request from the Backup Server.
Backup Server: 6.28.1.1: Dumpfile name 'BackupD100200A588' section number 1
mounted on disk file '/dumps/MonitorBackupD/MonitorBackupD-db1'
Backup Server: 4.139.2.82: [24] The 'mmap' call failed for device
'/dumps/MonitorBackupD/MonitorBackupD-db1' with error number 9 (Bad file
descriptor). Refer to your operating system documentation for further details.
Look for 'Jan 20 11:46:16 2010: A00: SYBMULTBUF ERROR: ' in the backup server
errorlog for additional information from SYBMULTBUF.
Msg 8009, Level 16, State 1:
Server 'opsdb1p', Line 2:
Error encountered by Backup Server.  Please refer to Backup Server messages for
details.
######################
 EXECUTING FUNCTION   
284,287,opsdb1p.MonitorBackupD daily dump failed. CALL DBM Msg 8009, 
 additional information from
 error number 9,2,1,/dumps/scripts/maint/cromdumpdb-MonitorBackupD.out
######################
Msg 156, Level 15, State 2:
Server 'opsdb1p', Line 2:
Incorrect syntax near the keyword 'from'.
Msg 105, Level 15, State 2:
Server 'opsdb1p', Line 3:
Unclosed quote before the character string '
'.
(1 row affected)
 RESULT      ROWCNT      PRIMKEY     
 ----------- ----------- ----------- 
           0           1     7405839 

(1 row affected)
(return status = 0)
